<?xml version="1.0" encoding="UTF-8"?>
<!-- Generated by org.testng.reporters.JUnitReportReporter -->
<testsuite hostname="MSI" failures="0" tests="1" name="test.TC001_Signup" time="0.000" errors="0" timestamp="2024-03-27T15:19:47 IST" skipped="1">
  <testcase classname="test.TC001_Signup" name="signin" time="0.000">
    <skipped/>
  </testcase> <!-- signin -->
  <system-out/>
</testsuite> <!-- test.TC001_Signup -->
