<?xml version="1.0" encoding="UTF-8"?>
<!-- Generated by org.testng.reporters.JUnitReportReporter -->
<testsuite hostname="MSI" failures="0" tests="1" name="test.TC003_Oneway" time="22.587" errors="0" timestamp="2024-03-27T13:51:52 IST" skipped="0">
  <testcase classname="test.TC003_Oneway" name="one_way" time="22.587"/>
  <system-out/>
</testsuite> <!-- test.TC003_Oneway -->
