<?xml version="1.0" encoding="UTF-8"?>
<!-- Generated by org.testng.reporters.JUnitReportReporter -->
<testsuite hostname="MSI" failures="0" tests="1" name="test.TC000_BrokenLink" time="9.774" errors="0" timestamp="2024-03-27T12:42:58 IST" skipped="0">
  <testcase classname="test.TC000_BrokenLink" name="Linkbroken" time="9.774"/>
  <system-out/>
</testsuite> <!-- test.TC000_BrokenLink -->
